inside steer
norm diff 1.565870582068648
inside steer
norm diff 1.5231507285807153
inside steer
norm diff 1.484259277944363
inside steer
norm diff 1.565870582068648
inside steer
norm diff 1.565870582068648
inside steer
norm diff 1.565870582068648
inside steer
norm diff 1.565870582068648
inside steer
norm diff 1.565870582068648
inside steer
norm diff 1.565870582068648
inside steer
norm diff 1.565870582068648
inside steer
norm diff 1.565870582068648
inside steer
norm diff 1.565870582068648
inside steer
norm diff 1.565870582068648
inside steer
norm diff 1.484259277944363
inside steer
norm diff 1.565870582068648
inside steer
norm diff 1.4495044209494081
inside steer
norm diff 1.4495044209494081
inside steer
norm diff 1.565870582068648
inside steer
norm diff 1.565870582068648
inside steer
norm diff 1.565870582068648
inside steer
norm diff 1.4191900959842683
inside steer
norm diff 1.565870582068648
inside steer
norm diff 1.565870582068648
inside steer
norm diff 1.565870582068648
inside steer
norm diff 1.565870582068648
inside steer
norm diff 1.565870582068648
inside steer
norm diff 1.3936061103223514
inside steer
norm diff 1.565870582068648
inside steer
norm diff 1.3730169164710797
inside steer
norm diff 1.565870582068648
inside steer
norm diff 1.3576497763059916
inside steer
norm diff 1.565870582068648
inside steer
norm diff 1.565870582068648
inside steer
norm diff 1.3476833371722257
inside steer
norm diff 1.3432378194048977
inside steer
norm diff 1.565870582068648
inside steer
norm diff 1.5231507285807153
inside steer
norm diff 1.565870582068648
inside steer
norm diff 1.565870582068648
inside steer
norm diff 1.344367993395998
inside steer
norm diff 1.565870582068648
inside steer
norm diff 1.3432378194048977
inside steer
norm diff 1.565870582068648
inside steer
norm diff 1.565870582068648
inside steer
norm diff 1.3432378194048977
inside steer
norm diff 1.565870582068648
inside steer
norm diff 1.3476833371722257
inside steer
norm diff 1.565870582068648
inside steer
norm diff 1.565870582068648
inside steer
norm diff 1.565870582068648
inside steer
norm diff 1.565870582068648
inside steer
norm diff 1.565870582068648
inside steer
norm diff 1.565870582068648
inside steer
norm diff 1.565870582068648
inside steer
norm diff 1.565870582068648
inside steer
norm diff 1.565870582068648
inside steer
norm diff 1.565870582068648
inside steer
norm diff 1.565870582068648
inside steer
norm diff 1.565870582068648
inside steer
norm diff 1.565870582068648
inside steer
norm diff 1.565870582068648
inside steer
norm diff 1.565870582068648
inside steer
norm diff 1.565870582068648
inside steer
norm diff 1.565870582068648
inside steer
norm diff 1.565870582068648
inside steer
norm diff 1.3730169164710797
inside steer
norm diff 1.565870582068648
inside steer
norm diff 1.565870582068648
inside steer
norm diff 1.344367993395998
inside steer
norm diff 1.565870582068648
inside steer
norm diff 1.565870582068648
inside steer
norm diff 1.565870582068648
inside steer
norm diff 1.565870582068648
inside steer
norm diff 1.565870582068648
inside steer
norm diff 1.565870582068648
inside steer
norm diff 1.565870582068648
inside steer
norm diff 1.565870582068648
inside steer
norm diff 1.3476833371722257
inside steer
norm diff 1.565870582068648
inside steer
norm diff 1.565870582068648
inside steer
norm diff 1.565870582068648
inside steer
norm diff 1.565870582068648
inside steer
norm diff 1.565870582068648
inside steer
norm diff 1.565870582068648
inside steer
norm diff 1.565870582068648
inside steer
norm diff 1.3476833371722257
inside steer
norm diff 1.565870582068648
inside steer
norm diff 1.5231507285807153
inside steer
norm diff 1.565870582068648
inside steer
norm diff 1.565870582068648
inside steer
norm diff 1.565870582068648
inside steer
norm diff 1.565870582068648
inside steer
norm diff 1.565870582068648
inside steer
norm diff 1.565870582068648
inside steer
norm diff 1.565870582068648
inside steer
norm diff 1.565870582068648
inside steer
norm diff 1.565870582068648
inside steer
norm diff 1.565870582068648
inside steer
norm diff 1.565870582068648
inside steer
norm diff 1.565870582068648
inside steer
norm diff 1.3730169164710797
inside steer
norm diff 1.565870582068648
inside steer
norm diff 1.565870582068648
inside steer
norm diff 1.565870582068648
inside steer
norm diff 1.565870582068648
inside steer
norm diff 1.565870582068648
inside steer
norm diff 1.565870582068648
inside steer
norm diff 1.565870582068648
inside steer
norm diff 1.565870582068648
Iter Count Used: 1999

total nodes: 110
Path len->1
1


Version = 4.1 Metal - 83
Vendor = Apple
Renderer = Apple M2
b3Printf: Selected demo: Physics Server
startThreads creating 1 threads.
starting thread 0
started thread 0 
MotionThreadFunc thread started
b3Printf: b3Warning[examples/Importers/ImportURDFDemo/BulletUrdfImporter.cpp,126]:

b3Printf: No inertial data for link, using mass=1, localinertiadiagonal = 1,1,1, identity local inertial frame
b3Printf: b3Warning[examples/Importers/ImportURDFDemo/BulletUrdfImporter.cpp,126]:

b3Printf: ee_link
numActiveThreads = 0
stopping threads
Thread with taskId 0 exiting
Thread TERMINATED
destroy semaphore
semaphore destroyed
destroy main semaphore
main semaphore destroyed
